0 verbose cli /usr/bin/node /usr/bin/npm
1 info using npm@9.2.0
2 info using node@v18.19.1
3 timing npm:load:whichnode Completed in 0ms
4 timing config:load:defaults Completed in 3ms
5 timing config:load:file:/usr/share/nodejs/npm/npmrc Completed in 4ms
6 timing config:load:builtin Completed in 4ms
7 timing config:load:cli Completed in 5ms
8 timing config:load:env Completed in 1ms
9 timing config:load:file:/home/ubuntu/final-project/.npmrc Completed in 0ms
10 timing config:load:project Completed in 3ms
11 timing config:load:file:/home/ubuntu/.npmrc Completed in 0ms
12 timing config:load:user Completed in 0ms
13 timing config:load:file:/etc/npmrc Completed in 0ms
14 timing config:load:global Completed in 1ms
15 timing config:load:setEnvs Completed in 2ms
16 timing config:load Completed in 19ms
17 timing npm:load:configload Completed in 19ms
18 timing npm:load:mkdirpcache Completed in 0ms
19 timing npm:load:mkdirplogs Completed in 1ms
20 verbose title npm install
21 verbose argv "install"
22 timing npm:load:setTitle Completed in 2ms
23 timing config:load:flatten Completed in 7ms
24 timing npm:load:display Completed in 9ms
25 verbose logfile logs-max:10 dir:/home/ubuntu/.npm/_logs/2024-12-14T12_24_20_317Z-
26 verbose logfile /home/ubuntu/.npm/_logs/2024-12-14T12_24_20_317Z-debug-0.log
27 timing npm:load:logFile Completed in 11ms
28 timing npm:load:timers Completed in 0ms
29 timing npm:load:configScope Completed in 0ms
30 timing npm:load Completed in 43ms
31 silly logfile done cleaning log files
32 timing config:load:flatten Completed in 0ms
33 timing arborist:ctor Completed in 1ms
34 timing idealTree:init Completed in 584ms
35 timing idealTree:userRequests Completed in 0ms
36 silly idealTree buildDeps
37 timing idealTree:#root Completed in 0ms
38 timing idealTree:buildDeps Completed in 3ms
39 timing idealTree:fixDepFlags Completed in 1ms
40 timing idealTree Completed in 604ms
41 timing arborist:ctor Completed in 0ms
42 timing reify:loadTrees Completed in 1170ms
43 timing reify:diffTrees Completed in 20ms
44 silly reify moves {}
45 timing reify:retireShallow Completed in 2ms
46 timing reify:createSparse Completed in 19ms
47 timing reify:loadBundles Completed in 0ms
48 silly audit bulk request {
48 silly audit   '@alloc/quick-lru': [ '5.2.0' ],
48 silly audit   '@emnapi/runtime': [ '1.3.1' ],
48 silly audit   '@eslint-community/eslint-utils': [ '4.4.1' ],
48 silly audit   '@eslint-community/regexpp': [ '4.12.1' ],
48 silly audit   '@eslint/eslintrc': [ '2.1.4' ],
48 silly audit   '@eslint/js': [ '8.57.1' ],
48 silly audit   '@humanwhocodes/config-array': [ '0.13.0' ],
48 silly audit   '@humanwhocodes/module-importer': [ '1.0.1' ],
48 silly audit   '@humanwhocodes/object-schema': [ '2.0.3' ],
48 silly audit   '@img/sharp-darwin-arm64': [ '0.33.5' ],
48 silly audit   '@img/sharp-darwin-x64': [ '0.33.5' ],
48 silly audit   '@img/sharp-libvips-darwin-arm64': [ '1.0.4' ],
48 silly audit   '@img/sharp-libvips-darwin-x64': [ '1.0.4' ],
48 silly audit   '@img/sharp-libvips-linux-arm': [ '1.0.5' ],
48 silly audit   '@img/sharp-libvips-linux-arm64': [ '1.0.4' ],
48 silly audit   '@img/sharp-libvips-linux-s390x': [ '1.0.4' ],
48 silly audit   '@img/sharp-libvips-linux-x64': [ '1.0.4' ],
48 silly audit   '@img/sharp-libvips-linuxmusl-arm64': [ '1.0.4' ],
48 silly audit   '@img/sharp-libvips-linuxmusl-x64': [ '1.0.4' ],
48 silly audit   '@img/sharp-linux-arm': [ '0.33.5' ],
48 silly audit   '@img/sharp-linux-arm64': [ '0.33.5' ],
48 silly audit   '@img/sharp-linux-s390x': [ '0.33.5' ],
48 silly audit   '@img/sharp-linux-x64': [ '0.33.5' ],
48 silly audit   '@img/sharp-linuxmusl-arm64': [ '0.33.5' ],
48 silly audit   '@img/sharp-linuxmusl-x64': [ '0.33.5' ],
48 silly audit   '@img/sharp-wasm32': [ '0.33.5' ],
48 silly audit   '@img/sharp-win32-ia32': [ '0.33.5' ],
48 silly audit   '@img/sharp-win32-x64': [ '0.33.5' ],
48 silly audit   '@isaacs/cliui': [ '8.0.2' ],
48 silly audit   'ansi-regex': [ '6.1.0', '5.0.1' ],
48 silly audit   'strip-ansi': [ '7.1.0', '6.0.1' ],
48 silly audit   '@jridgewell/gen-mapping': [ '0.3.5' ],
48 silly audit   '@jridgewell/resolve-uri': [ '3.1.2' ],
48 silly audit   '@jridgewell/set-array': [ '1.2.1' ],
48 silly audit   '@jridgewell/sourcemap-codec': [ '1.5.0' ],
48 silly audit   '@jridgewell/trace-mapping': [ '0.3.25' ],
48 silly audit   '@next/env': [ '15.0.3' ],
48 silly audit   '@next/eslint-plugin-next': [ '15.0.3' ],
48 silly audit   '@next/swc-darwin-arm64': [ '15.0.3' ],
48 silly audit   '@next/swc-darwin-x64': [ '15.0.3' ],
48 silly audit   '@next/swc-linux-arm64-gnu': [ '15.0.3' ],
48 silly audit   '@next/swc-linux-arm64-musl': [ '15.0.3' ],
48 silly audit   '@next/swc-linux-x64-gnu': [ '15.0.3' ],
48 silly audit   '@next/swc-linux-x64-musl': [ '15.0.3' ],
48 silly audit   '@next/swc-win32-arm64-msvc': [ '15.0.3' ],
48 silly audit   '@next/swc-win32-x64-msvc': [ '15.0.3' ],
48 silly audit   '@nodelib/fs.scandir': [ '2.1.5' ],
48 silly audit   '@nodelib/fs.stat': [ '2.0.5' ],
48 silly audit   '@nodelib/fs.walk': [ '1.2.8' ],
48 silly audit   '@nolyfill/is-core-module': [ '1.0.39' ],
48 silly audit   '@pkgjs/parseargs': [ '0.11.0' ],
48 silly audit   '@prisma/client': [ '6.0.1' ],
48 silly audit   '@prisma/debug': [ '6.0.1' ],
48 silly audit   '@prisma/engines': [ '6.0.1' ],
48 silly audit   '@prisma/engines-version': [ '5.23.0-27.5dbef10bdbfb579e07d35cc85fb1518d357cb99e' ],
48 silly audit   '@prisma/fetch-engine': [ '6.0.1' ],
48 silly audit   '@prisma/get-platform': [ '6.0.1' ],
48 silly audit   '@rtsao/scc': [ '1.1.0' ],
48 silly audit   '@rushstack/eslint-patch': [ '1.10.4' ],
48 silly audit   '@swc/counter': [ '0.1.3' ],
48 silly audit   '@swc/helpers': [ '0.5.13' ],
48 silly audit   '@types/json5': [ '0.0.29' ],
48 silly audit   '@types/node': [ '20.17.6' ],
48 silly audit   '@types/prop-types': [ '15.7.13' ],
48 silly audit   '@types/react': [ '18.3.12' ],
48 silly audit   '@types/react-dom': [ '18.3.1' ],
48 silly audit   '@typescript-eslint/eslint-plugin': [ '8.14.0' ],
48 silly audit   '@typescript-eslint/parser': [ '8.14.0' ],
48 silly audit   '@typescript-eslint/scope-manager': [ '8.14.0' ],
48 silly audit   '@typescript-eslint/type-utils': [ '8.14.0' ],
48 silly audit   '@typescript-eslint/types': [ '8.14.0' ],
48 silly audit   '@typescript-eslint/typescript-estree': [ '8.14.0' ],
48 silly audit   'brace-expansion': [ '2.0.1', '1.1.11' ],
48 silly audit   'fast-glob': [ '3.3.2', '3.3.1' ],
48 silly audit   'glob-parent': [ '5.1.2', '6.0.2' ],
48 silly audit   minimatch: [ '9.0.5', '3.1.2' ],
48 silly audit   '@typescript-eslint/utils': [ '8.14.0' ],
48 silly audit   '@typescript-eslint/visitor-keys': [ '8.14.0' ],
48 silly audit   '@ungap/structured-clone': [ '1.2.0' ],
48 silly audit   acorn: [ '8.14.0' ],
48 silly audit   'acorn-jsx': [ '5.3.2' ],
48 silly audit   ajv: [ '6.12.6' ],
48 silly audit   'ansi-styles': [ '4.3.0', '6.2.1' ],
48 silly audit   'any-promise': [ '1.3.0' ],
48 silly audit   anymatch: [ '3.1.3' ],
48 silly audit   arg: [ '5.0.2' ],
48 silly audit   argparse: [ '2.0.1' ],
48 silly audit   'aria-query': [ '5.3.2' ],
48 silly audit   'array-buffer-byte-length': [ '1.0.1' ],
48 silly audit   'array-includes': [ '3.1.8' ],
48 silly audit   'array.prototype.findlast': [ '1.2.5' ],
48 silly audit   'array.prototype.findlastindex': [ '1.2.5' ],
48 silly audit   'array.prototype.flat': [ '1.3.2' ],
48 silly audit   'array.prototype.flatmap': [ '1.3.2' ],
48 silly audit   'array.prototype.tosorted': [ '1.1.4' ],
48 silly audit   'arraybuffer.prototype.slice': [ '1.0.3' ],
48 silly audit   'ast-types-flow': [ '0.0.8' ],
48 silly audit   'available-typed-arrays': [ '1.0.7' ],
48 silly audit   'axe-core': [ '4.10.2' ],
48 silly audit   'axobject-query': [ '4.1.0' ],
48 silly audit   'balanced-match': [ '1.0.2' ],
48 silly audit   'binary-extensions': [ '2.3.0' ],
48 silly audit   braces: [ '3.0.3' ],
48 silly audit   busboy: [ '1.6.0' ],
48 silly audit   'call-bind': [ '1.0.7' ],
48 silly audit   callsites: [ '3.1.0' ],
48 silly audit   'camelcase-css': [ '2.0.1' ],
48 silly audit   'caniuse-lite': [ '1.0.30001680' ],
48 silly audit   chalk: [ '4.1.2' ],
48 silly audit   chokidar: [ '3.6.0' ],
48 silly audit   'client-only': [ '0.0.1' ],
48 silly audit   color: [ '4.2.3' ],
48 silly audit   'color-convert': [ '2.0.1' ],
48 silly audit   'color-name': [ '1.1.4' ],
48 silly audit   'color-string': [ '1.9.1' ],
48 silly audit   commander: [ '4.1.1' ],
48 silly audit   'concat-map': [ '0.0.1' ],
48 silly audit   'cross-spawn': [ '7.0.5' ],
48 silly audit   cssesc: [ '3.0.0' ],
48 silly audit   csstype: [ '3.1.3' ],
48 silly audit   'damerau-levenshtein': [ '1.0.8' ],
48 silly audit   'data-view-buffer': [ '1.0.1' ],
48 silly audit   'data-view-byte-length': [ '1.0.1' ],
48 silly audit   'data-view-byte-offset': [ '1.0.0' ],
48 silly audit   debug: [ '4.3.7', '3.2.7' ],
48 silly audit   'deep-is': [ '0.1.4' ],
48 silly audit   'define-data-property': [ '1.1.4' ],
48 silly audit   'define-properties': [ '1.2.1' ],
48 silly audit   'detect-libc': [ '2.0.3' ],
48 silly audit   didyoumean: [ '1.2.2' ],
48 silly audit   dlv: [ '1.1.3' ],
48 silly audit   doctrine: [ '3.0.0', '2.1.0' ],
48 silly audit   eastasianwidth: [ '0.2.0' ],
48 silly audit   'emoji-regex': [ '9.2.2', '8.0.0' ],
48 silly audit   'enhanced-resolve': [ '5.17.1' ],
48 silly audit   'es-abstract': [ '1.23.5' ],
48 silly audit   'es-define-property': [ '1.0.0' ],
48 silly audit   'es-errors': [ '1.3.0' ],
48 silly audit   'es-iterator-helpers': [ '1.2.0' ],
48 silly audit   'es-object-atoms': [ '1.0.0' ],
48 silly audit   'es-set-tostringtag': [ '2.0.3' ],
48 silly audit   'es-shim-unscopables': [ '1.0.2' ],
48 silly audit   'es-to-primitive': [ '1.2.1' ],
48 silly audit   'escape-string-regexp': [ '4.0.0' ],
48 silly audit   eslint: [ '8.57.1' ],
48 silly audit   'eslint-config-next': [ '15.0.3' ],
48 silly audit   'eslint-import-resolver-node': [ '0.3.9' ],
48 silly audit   'eslint-import-resolver-typescript': [ '3.6.3' ],
48 silly audit   'eslint-module-utils': [ '2.12.0' ],
48 silly audit   'eslint-plugin-import': [ '2.31.0' ],
48 silly audit   semver: [ '6.3.1', '7.6.3' ],
48 silly audit   'eslint-plugin-jsx-a11y': [ '6.10.2' ],
48 silly audit   'eslint-plugin-react': [ '7.37.2' ],
48 silly audit   'eslint-plugin-react-hooks': [ '5.0.0' ],
48 silly audit   resolve: [ '2.0.0-next.5', '1.22.8' ],
48 silly audit   'eslint-scope': [ '7.2.2' ],
48 silly audit   'eslint-visitor-keys': [ '3.4.3' ],
48 silly audit   espree: [ '9.6.1' ],
48 silly audit   esquery: [ '1.6.0' ],
48 silly audit   esrecurse: [ '4.3.0' ],
48 silly audit   estraverse: [ '5.3.0' ],
48 silly audit   esutils: [ '2.0.3' ],
48 silly audit   'fast-deep-equal': [ '3.1.3' ],
48 silly audit   'fast-json-stable-stringify': [ '2.1.0' ],
48 silly audit   'fast-levenshtein': [ '2.0.6' ],
48 silly audit   fastq: [ '1.17.1' ],
48 silly audit   'file-entry-cache': [ '6.0.1' ],
48 silly audit   'fill-range': [ '7.1.1' ],
48 silly audit   'find-up': [ '5.0.0' ],
48 silly audit   'flat-cache': [ '3.2.0' ],
48 silly audit   flatted: [ '3.3.1' ],
48 silly audit   'for-each': [ '0.3.3' ],
48 silly audit   'foreground-child': [ '3.3.0' ],
48 silly audit   'fs.realpath': [ '1.0.0' ],
48 silly audit   fsevents: [ '2.3.3' ],
48 silly audit   'function-bind': [ '1.1.2' ],
48 silly audit   'function.prototype.name': [ '1.1.6' ],
48 silly audit   'functions-have-names': [ '1.2.3' ],
48 silly audit   'get-intrinsic': [ '1.2.4' ],
48 silly audit   'get-symbol-description': [ '1.0.2' ],
48 silly audit   'get-tsconfig': [ '4.8.1' ],
48 silly audit   glob: [ '7.2.3', '10.4.5' ],
48 silly audit   globals: [ '13.24.0' ],
48 silly audit   globalthis: [ '1.0.4' ],
48 silly audit   gopd: [ '1.0.1' ],
48 silly audit   'graceful-fs': [ '4.2.11' ],
48 silly audit   graphemer: [ '1.4.0' ],
48 silly audit   'has-bigints': [ '1.0.2' ],
48 silly audit   'has-flag': [ '4.0.0' ],
48 silly audit   'has-property-descriptors': [ '1.0.2' ],
48 silly audit   'has-proto': [ '1.0.3' ],
48 silly audit   'has-symbols': [ '1.0.3' ],
48 silly audit   'has-tostringtag': [ '1.0.2' ],
48 silly audit   hasown: [ '2.0.2' ],
48 silly audit   ignore: [ '5.3.2' ],
48 silly audit   'import-fresh': [ '3.3.0' ],
48 silly audit   imurmurhash: [ '0.1.4' ],
48 silly audit   inflight: [ '1.0.6' ],
48 silly audit   inherits: [ '2.0.4' ],
48 silly audit   'internal-slot': [ '1.0.7' ],
48 silly audit   'is-array-buffer': [ '3.0.4' ],
48 silly audit   'is-arrayish': [ '0.3.2' ],
48 silly audit   'is-async-function': [ '2.0.0' ],
48 silly audit   'is-bigint': [ '1.0.4' ],
48 silly audit   'is-binary-path': [ '2.1.0' ],
48 silly audit   'is-boolean-object': [ '1.1.2' ],
48 silly audit   'is-bun-module': [ '1.2.1' ],
48 silly audit   'is-callable': [ '1.2.7' ],
48 silly audit   'is-core-module': [ '2.15.1' ],
48 silly audit   'is-data-view': [ '1.0.1' ],
48 silly audit   'is-date-object': [ '1.0.5' ],
48 silly audit   'is-extglob': [ '2.1.1' ],
48 silly audit   'is-finalizationregistry': [ '1.0.2' ],
48 silly audit   'is-fullwidth-code-point': [ '3.0.0' ],
48 silly audit   'is-generator-function': [ '1.0.10' ],
48 silly audit   'is-glob': [ '4.0.3' ],
48 silly audit   'is-map': [ '2.0.3' ],
48 silly audit   'is-negative-zero': [ '2.0.3' ],
48 silly audit   'is-number': [ '7.0.0' ],
48 silly audit   'is-number-object': [ '1.0.7' ],
48 silly audit   'is-path-inside': [ '3.0.3' ],
48 silly audit   'is-regex': [ '1.1.4' ],
48 silly audit   'is-set': [ '2.0.3' ],
48 silly audit   'is-shared-array-buffer': [ '1.0.3' ],
48 silly audit   'is-string': [ '1.0.7' ],
48 silly audit   'is-symbol': [ '1.0.4' ],
48 silly audit   'is-typed-array': [ '1.1.13' ],
48 silly audit   'is-weakmap': [ '2.0.2' ],
48 silly audit   'is-weakref': [ '1.0.2' ],
48 silly audit   'is-weakset': [ '2.0.3' ],
48 silly audit   isarray: [ '2.0.5' ],
48 silly audit   isexe: [ '2.0.0' ],
48 silly audit   'iterator.prototype': [ '1.1.3' ],
48 silly audit   jackspeak: [ '3.4.3' ],
48 silly audit   jiti: [ '1.21.6' ],
48 silly audit   'js-tokens': [ '4.0.0' ],
48 silly audit   'js-yaml': [ '4.1.0' ],
48 silly audit   'json-buffer': [ '3.0.1' ],
48 silly audit   'json-schema-traverse': [ '0.4.1' ],
48 silly audit   'json-stable-stringify-without-jsonify': [ '1.0.1' ],
48 silly audit   json5: [ '1.0.2' ],
48 silly audit   'jsx-ast-utils': [ '3.3.5' ],
48 silly audit   keyv: [ '4.5.4' ],
48 silly audit   'language-subtag-registry': [ '0.3.23' ],
48 silly audit   'language-tags': [ '1.0.9' ],
48 silly audit   levn: [ '0.4.1' ],
48 silly audit   lilconfig: [ '2.1.0', '3.1.2' ],
48 silly audit   'lines-and-columns': [ '1.2.4' ],
48 silly audit   'locate-path': [ '6.0.0' ],
48 silly audit   'lodash.merge': [ '4.6.2' ],
48 silly audit   'loose-envify': [ '1.4.0' ],
48 silly audit   'lru-cache': [ '10.4.3' ],
48 silly audit   merge2: [ '1.4.1' ],
48 silly audit   micromatch: [ '4.0.8' ],
48 silly audit   minimist: [ '1.2.8' ],
48 silly audit   minipass: [ '7.1.2' ],
48 silly audit   ms: [ '2.1.3' ],
48 silly audit   mz: [ '2.7.0' ],
48 silly audit   nanoid: [ '3.3.7' ],
48 silly audit   'natural-compare': [ '1.4.0' ],
48 silly audit   next: [ '15.0.3' ],
48 silly audit   postcss: [ '8.4.31', '8.4.49' ],
48 silly audit   'normalize-path': [ '3.0.0' ],
48 silly audit   'object-assign': [ '4.1.1' ],
48 silly audit   'object-hash': [ '3.0.0' ],
48 silly audit   'object-inspect': [ '1.13.3' ],
48 silly audit   'object-keys': [ '1.1.1' ],
48 silly audit   'object.assign': [ '4.1.5' ],
48 silly audit   'object.entries': [ '1.1.8' ],
48 silly audit   'object.fromentries': [ '2.0.8' ],
48 silly audit   'object.groupby': [ '1.0.3' ],
48 silly audit   'object.values': [ '1.2.0' ],
48 silly audit   once: [ '1.4.0' ],
48 silly audit   optionator: [ '0.9.4' ],
48 silly audit   'p-limit': [ '3.1.0' ],
48 silly audit   'p-locate': [ '5.0.0' ],
48 silly audit   'package-json-from-dist': [ '1.0.1' ],
48 silly audit   'parent-module': [ '1.0.1' ],
48 silly audit   'path-exists': [ '4.0.0' ],
48 silly audit   'path-is-absolute': [ '1.0.1' ],
48 silly audit   'path-key': [ '3.1.1' ],
48 silly audit   'path-parse': [ '1.0.7' ],
48 silly audit   'path-scurry': [ '1.11.1' ],
48 silly audit   picocolors: [ '1.1.1' ],
48 silly audit   picomatch: [ '2.3.1' ],
48 silly audit   pify: [ '2.3.0' ],
48 silly audit   pirates: [ '4.0.6' ],
48 silly audit   'possible-typed-array-names': [ '1.0.0' ],
48 silly audit   'postcss-import': [ '15.1.0' ],
48 silly audit   'postcss-js': [ '4.0.1' ],
48 silly audit   'postcss-load-config': [ '4.0.2' ],
48 silly audit   'postcss-nested': [ '6.2.0' ],
48 silly audit   'postcss-selector-parser': [ '6.1.2' ],
48 silly audit   'postcss-value-parser': [ '4.2.0' ],
48 silly audit   'prelude-ls': [ '1.2.1' ],
48 silly audit   prisma: [ '6.0.1' ],
48 silly audit   'prop-types': [ '15.8.1' ],
48 silly audit   punycode: [ '2.3.1' ],
48 silly audit   'queue-microtask': [ '1.2.3' ],
48 silly audit   react: [ '19.0.0-rc-66855b96-20241106' ],
48 silly audit   'react-dom': [ '19.0.0-rc-66855b96-20241106' ],
48 silly audit   'react-is': [ '16.13.1' ],
48 silly audit   'read-cache': [ '1.0.0' ],
48 silly audit   readdirp: [ '3.6.0' ],
48 silly audit   'reflect.getprototypeof': [ '1.0.6' ],
48 silly audit   'regexp.prototype.flags': [ '1.5.3' ],
48 silly audit   'resolve-from': [ '4.0.0' ],
48 silly audit   'resolve-pkg-maps': [ '1.0.0' ],
48 silly audit   reusify: [ '1.0.4' ],
48 silly audit   rimraf: [ '3.0.2' ],
48 silly audit   'run-parallel': [ '1.2.0' ],
48 silly audit   'safe-array-concat': [ '1.1.2' ],
48 silly audit   'safe-regex-test': [ '1.0.3' ],
48 silly audit   scheduler: [ '0.25.0-rc-66855b96-20241106' ],
48 silly audit   'set-function-length': [ '1.2.2' ],
48 silly audit   'set-function-name': [ '2.0.2' ],
48 silly audit   sharp: [ '0.33.5' ],
48 silly audit   'shebang-command': [ '2.0.0' ],
48 silly audit   'shebang-regex': [ '3.0.0' ],
48 silly audit   'side-channel': [ '1.0.6' ],
48 silly audit   'signal-exit': [ '4.1.0' ],
48 silly audit   'simple-swizzle': [ '0.2.2' ],
48 silly audit   'source-map-js': [ '1.2.1' ],
48 silly audit   streamsearch: [ '1.1.0' ],
48 silly audit   'string-width': [ '5.1.2', '4.2.3' ],
48 silly audit   'string.prototype.includes': [ '2.0.1' ],
48 silly audit   'string.prototype.matchall': [ '4.0.11' ],
48 silly audit   'string.prototype.repeat': [ '1.0.0' ],
48 silly audit   'string.prototype.trim': [ '1.2.9' ],
48 silly audit   'string.prototype.trimend': [ '1.0.8' ],
48 silly audit   'string.prototype.trimstart': [ '1.0.8' ],
48 silly audit   'strip-bom': [ '3.0.0' ],
48 silly audit   'strip-json-comments': [ '3.1.1' ],
48 silly audit   'styled-jsx': [ '5.1.6' ],
48 silly audit   sucrase: [ '3.35.0' ],
48 silly audit   'supports-color': [ '7.2.0' ],
48 silly audit   'supports-preserve-symlinks-flag': [ '1.0.0' ],
48 silly audit   tailwindcss: [ '3.4.15' ],
48 silly audit   tapable: [ '2.2.1' ],
48 silly audit   'text-table': [ '0.2.0' ],
48 silly audit   thenify: [ '3.3.1' ],
48 silly audit   'thenify-all': [ '1.6.0' ],
48 silly audit   'to-regex-range': [ '5.0.1' ],
48 silly audit   'ts-api-utils': [ '1.4.0' ],
48 silly audit   'ts-interface-checker': [ '0.1.13' ],
48 silly audit   'tsconfig-paths': [ '3.15.0' ],
48 silly audit   tslib: [ '2.8.1' ],
48 silly audit   'type-check': [ '0.4.0' ],
48 silly audit   'type-fest': [ '0.20.2' ],
48 silly audit   'typed-array-buffer': [ '1.0.2' ],
48 silly audit   'typed-array-byte-length': [ '1.0.1' ],
48 silly audit   'typed-array-byte-offset': [ '1.0.2' ],
48 silly audit   'typed-array-length': [ '1.0.6' ],
48 silly audit   typescript: [ '5.6.3' ],
48 silly audit   'unbox-primitive': [ '1.0.2' ],
48 silly audit   'undici-types': [ '6.19.8' ],
48 silly audit   'uri-js': [ '4.4.1' ],
48 silly audit   'util-deprecate': [ '1.0.2' ],
48 silly audit   which: [ '2.0.2' ],
48 silly audit   'which-boxed-primitive': [ '1.0.2' ],
48 silly audit   'which-builtin-type': [ '1.1.4' ],
48 silly audit   'which-collection': [ '1.0.2' ],
48 silly audit   'which-typed-array': [ '1.1.15' ],
48 silly audit   'word-wrap': [ '1.2.5' ],
48 silly audit   'wrap-ansi': [ '8.1.0', '7.0.0' ],
48 silly audit   wrappy: [ '1.0.2' ],
48 silly audit   yaml: [ '2.6.0' ],
48 silly audit   'yocto-queue': [ '0.1.0' ]
48 silly audit }
49 verbose reify failed optional dependency /home/ubuntu/final-project/node_modules/fsevents
50 silly reify mark deleted [ '/home/ubuntu/final-project/node_modules/fsevents' ]
51 verbose reify failed optional dependency /home/ubuntu/final-project/node_modules/@next/swc-win32-arm64-msvc
52 silly reify mark deleted [
52 silly reify   '/home/ubuntu/final-project/node_modules/@next/swc-win32-arm64-msvc'
52 silly reify ]
53 verbose reify failed optional dependency /home/ubuntu/final-project/node_modules/@next/swc-linux-arm64-musl
54 silly reify mark deleted [
54 silly reify   '/home/ubuntu/final-project/node_modules/@next/swc-linux-arm64-musl'
54 silly reify ]
55 verbose reify failed optional dependency /home/ubuntu/final-project/node_modules/@next/swc-linux-arm64-gnu
56 silly reify mark deleted [ '/home/ubuntu/final-project/node_modules/@next/swc-linux-arm64-gnu' ]
57 verbose reify failed optional dependency /home/ubuntu/final-project/node_modules/@next/swc-darwin-x64
58 silly reify mark deleted [ '/home/ubuntu/final-project/node_modules/@next/swc-darwin-x64' ]
59 verbose reify failed optional dependency /home/ubuntu/final-project/node_modules/@next/swc-darwin-arm64
60 silly reify mark deleted [ '/home/ubuntu/final-project/node_modules/@next/swc-darwin-arm64' ]
61 verbose reify failed optional dependency /home/ubuntu/final-project/node_modules/@img/sharp-win32-ia32
62 silly reify mark deleted [ '/home/ubuntu/final-project/node_modules/@img/sharp-win32-ia32' ]
63 verbose reify failed optional dependency /home/ubuntu/final-project/node_modules/@img/sharp-wasm32
64 silly reify mark deleted [ '/home/ubuntu/final-project/node_modules/@img/sharp-wasm32' ]
65 verbose reify failed optional dependency /home/ubuntu/final-project/node_modules/@emnapi/runtime
66 silly reify mark deleted [ '/home/ubuntu/final-project/node_modules/@emnapi/runtime' ]
67 verbose reify failed optional dependency /home/ubuntu/final-project/node_modules/@img/sharp-linuxmusl-arm64
68 silly reify mark deleted [
68 silly reify   '/home/ubuntu/final-project/node_modules/@img/sharp-linuxmusl-arm64'
68 silly reify ]
69 verbose reify failed optional dependency /home/ubuntu/final-project/node_modules/@img/sharp-linux-s390x
70 silly reify mark deleted [ '/home/ubuntu/final-project/node_modules/@img/sharp-linux-s390x' ]
71 verbose reify failed optional dependency /home/ubuntu/final-project/node_modules/@img/sharp-linux-arm64
72 silly reify mark deleted [ '/home/ubuntu/final-project/node_modules/@img/sharp-linux-arm64' ]
73 verbose reify failed optional dependency /home/ubuntu/final-project/node_modules/@img/sharp-linux-arm
74 silly reify mark deleted [ '/home/ubuntu/final-project/node_modules/@img/sharp-linux-arm' ]
75 verbose reify failed optional dependency /home/ubuntu/final-project/node_modules/@img/sharp-libvips-linuxmusl-arm64
76 silly reify mark deleted [
76 silly reify   '/home/ubuntu/final-project/node_modules/@img/sharp-libvips-linuxmusl-arm64'
76 silly reify ]
77 verbose reify failed optional dependency /home/ubuntu/final-project/node_modules/@img/sharp-libvips-linux-s390x
78 silly reify mark deleted [
78 silly reify   '/home/ubuntu/final-project/node_modules/@img/sharp-libvips-linux-s390x'
78 silly reify ]
79 verbose reify failed optional dependency /home/ubuntu/final-project/node_modules/@img/sharp-libvips-linux-arm64
80 silly reify mark deleted [
80 silly reify   '/home/ubuntu/final-project/node_modules/@img/sharp-libvips-linux-arm64'
80 silly reify ]
81 verbose reify failed optional dependency /home/ubuntu/final-project/node_modules/@img/sharp-libvips-linux-arm
82 silly reify mark deleted [
82 silly reify   '/home/ubuntu/final-project/node_modules/@img/sharp-libvips-linux-arm'
82 silly reify ]
83 verbose reify failed optional dependency /home/ubuntu/final-project/node_modules/@img/sharp-libvips-darwin-x64
84 silly reify mark deleted [
84 silly reify   '/home/ubuntu/final-project/node_modules/@img/sharp-libvips-darwin-x64'
84 silly reify ]
85 verbose reify failed optional dependency /home/ubuntu/final-project/node_modules/@img/sharp-libvips-darwin-arm64
86 silly reify mark deleted [
86 silly reify   '/home/ubuntu/final-project/node_modules/@img/sharp-libvips-darwin-arm64'
86 silly reify ]
87 verbose reify failed optional dependency /home/ubuntu/final-project/node_modules/@img/sharp-darwin-x64
88 silly reify mark deleted [ '/home/ubuntu/final-project/node_modules/@img/sharp-darwin-x64' ]
89 verbose reify failed optional dependency /home/ubuntu/final-project/node_modules/@img/sharp-darwin-arm64
90 silly reify mark deleted [ '/home/ubuntu/final-project/node_modules/@img/sharp-darwin-arm64' ]
91 timing reifyNode:node_modules/fsevents Completed in 102ms
92 timing reifyNode:node_modules/@next/swc-win32-arm64-msvc Completed in 102ms
93 timing reifyNode:node_modules/@next/swc-linux-arm64-musl Completed in 101ms
94 timing reifyNode:node_modules/@next/swc-linux-arm64-gnu Completed in 101ms
95 timing reifyNode:node_modules/@next/swc-darwin-x64 Completed in 101ms
96 timing reifyNode:node_modules/@next/swc-darwin-arm64 Completed in 100ms
97 timing reifyNode:node_modules/@img/sharp-win32-ia32 Completed in 100ms
98 timing reifyNode:node_modules/@img/sharp-wasm32 Completed in 101ms
99 timing reifyNode:node_modules/@img/sharp-linuxmusl-arm64 Completed in 100ms
100 timing reifyNode:node_modules/@img/sharp-linux-s390x Completed in 98ms
101 timing reifyNode:node_modules/@img/sharp-linux-arm64 Completed in 98ms
102 timing reifyNode:node_modules/@img/sharp-linux-arm Completed in 98ms
103 timing reifyNode:node_modules/@img/sharp-libvips-linuxmusl-arm64 Completed in 98ms
104 timing reifyNode:node_modules/@img/sharp-libvips-linux-s390x Completed in 97ms
105 timing reifyNode:node_modules/@img/sharp-libvips-linux-arm64 Completed in 98ms
106 timing reifyNode:node_modules/@img/sharp-libvips-linux-arm Completed in 98ms
107 timing reifyNode:node_modules/@img/sharp-libvips-darwin-x64 Completed in 98ms
108 timing reifyNode:node_modules/@img/sharp-libvips-darwin-arm64 Completed in 98ms
109 timing reifyNode:node_modules/@img/sharp-darwin-x64 Completed in 98ms
110 timing reifyNode:node_modules/@img/sharp-darwin-arm64 Completed in 98ms
111 silly tarball no local data for @next/swc-linux-x64-musl@https://registry.npmjs.org/@next/swc-linux-x64-musl/-/swc-linux-x64-musl-15.0.3.tgz. Extracting by manifest.
112 silly tarball no local data for @img/sharp-linuxmusl-x64@https://registry.npmjs.org/@img/sharp-linuxmusl-x64/-/sharp-linuxmusl-x64-0.33.5.tgz. Extracting by manifest.
113 silly tarball no local data for @next/swc-linux-x64-gnu@https://registry.npmjs.org/@next/swc-linux-x64-gnu/-/swc-linux-x64-gnu-15.0.3.tgz. Extracting by manifest.
114 silly tarball no local data for @img/sharp-linux-x64@https://registry.npmjs.org/@img/sharp-linux-x64/-/sharp-linux-x64-0.33.5.tgz. Extracting by manifest.
115 silly tarball no local data for @img/sharp-libvips-linuxmusl-x64@https://registry.npmjs.org/@img/sharp-libvips-linuxmusl-x64/-/sharp-libvips-linuxmusl-x64-1.0.4.tgz. Extracting by manifest.
116 silly tarball no local data for @img/sharp-libvips-linux-x64@https://registry.npmjs.org/@img/sharp-libvips-linux-x64/-/sharp-libvips-linux-x64-1.0.4.tgz. Extracting by manifest.
117 silly tarball no local data for @emnapi/runtime@https://registry.npmjs.org/@emnapi/runtime/-/runtime-1.3.1.tgz. Extracting by manifest.
118 http fetch POST 200 https://registry.npmjs.org/-/npm/v1/security/advisories/bulk 446ms
119 timing auditReport:getReport Completed in 464ms
120 silly audit report {
120 silly audit report   nanoid: [
120 silly audit report     {
120 silly audit report       id: 1101092,
120 silly audit report       url: 'https://github.com/advisories/GHSA-mwcw-c2x4-8c55',
120 silly audit report       title: 'Infinite loop in nanoid',
120 silly audit report       severity: 'low',
120 silly audit report       vulnerable_versions: '<3.3.8',
120 silly audit report       cwe: [Array],
120 silly audit report       cvss: [Object]
120 silly audit report     }
120 silly audit report   ]
120 silly audit report }
121 timing metavuln:cache:get:security-advisory:nanoid:KJ/C4PiPXbJ+Ow8TakTFAEDmC7suFskdnCw/We069JsU6dF/tBX3FBTk7/ABGKMYyz7HdP4T7xsysHAeeCqQ/A== Completed in 44ms
122 http fetch GET 200 https://registry.npmjs.org/nanoid 1045ms (cache miss)
123 timing metavuln:packument:nanoid Completed in 1051ms
124 timing metavuln:load:security-advisory:nanoid:1101092 Completed in 7ms
125 http fetch GET 200 https://registry.npmjs.org/@emnapi/runtime/-/runtime-1.3.1.tgz 1346ms (cache miss)
126 http fetch GET 200 https://registry.npmjs.org/@img/sharp-linux-x64/-/sharp-linux-x64-0.33.5.tgz 1357ms (cache miss)
127 timing reifyNode:node_modules/@img/sharp-linux-x64 Completed in 1519ms
128 timing reifyNode:node_modules/@emnapi/runtime Completed in 1517ms
129 http fetch GET 200 https://registry.npmjs.org/@img/sharp-linuxmusl-x64/-/sharp-linuxmusl-x64-0.33.5.tgz 1376ms (cache miss)
130 timing reifyNode:node_modules/@img/sharp-linuxmusl-x64 Completed in 1531ms
131 timing metavuln:cache:put:security-advisory:nanoid:KJ/C4PiPXbJ+Ow8TakTFAEDmC7suFskdnCw/We069JsU6dF/tBX3FBTk7/ABGKMYyz7HdP4T7xsysHAeeCqQ/A== Completed in 51ms
132 timing metavuln:calculate:security-advisory:nanoid:1101092 Completed in 1112ms
133 timing metavuln:cache:get:security-advisory:postcss:J/hBfRBFdrMlB5zEUo/IEBpMGPdoA12Uc3+hLIlhx/h5TNKoTqFgZFqt/BygzAwfJUSFAYyn+RPPcJ6Yq/zjJQ== Completed in 22ms
134 http fetch GET 200 https://registry.npmjs.org/postcss 172ms (cache miss)
135 timing metavuln:packument:postcss Completed in 186ms
136 timing metavuln:load:security-advisory:postcss:KJ/C4PiPXbJ+Ow8TakTFAEDmC7suFskdnCw/We069JsU6dF/tBX3FBTk7/ABGKMYyz7HdP4T7xsysHAeeCqQ/A== Completed in 31ms
137 timing metavuln:cache:put:security-advisory:postcss:J/hBfRBFdrMlB5zEUo/IEBpMGPdoA12Uc3+hLIlhx/h5TNKoTqFgZFqt/BygzAwfJUSFAYyn+RPPcJ6Yq/zjJQ== Completed in 96ms
138 timing metavuln:calculate:security-advisory:postcss:KJ/C4PiPXbJ+Ow8TakTFAEDmC7suFskdnCw/We069JsU6dF/tBX3FBTk7/ABGKMYyz7HdP4T7xsysHAeeCqQ/A== Completed in 315ms
139 timing auditReport:init Completed in 1433ms
140 timing reify:audit Completed in 1900ms
141 http fetch GET 200 https://registry.npmjs.org/@img/sharp-libvips-linux-x64/-/sharp-libvips-linux-x64-1.0.4.tgz 3166ms (cache miss)
142 timing reifyNode:node_modules/@img/sharp-libvips-linux-x64 Completed in 3331ms
143 http fetch GET 200 https://registry.npmjs.org/@img/sharp-libvips-linuxmusl-x64/-/sharp-libvips-linuxmusl-x64-1.0.4.tgz 3206ms (cache miss)
144 timing reifyNode:node_modules/@img/sharp-libvips-linuxmusl-x64 Completed in 3370ms
145 http fetch GET 200 https://registry.npmjs.org/@next/swc-linux-x64-gnu/-/swc-linux-x64-gnu-15.0.3.tgz 8966ms (cache miss)
146 timing reifyNode:node_modules/@next/swc-linux-x64-gnu Completed in 9133ms
147 http fetch GET 200 https://registry.npmjs.org/@next/swc-linux-x64-musl/-/swc-linux-x64-musl-15.0.3.tgz 9681ms (cache miss)
148 timing reifyNode:node_modules/@next/swc-linux-x64-musl Completed in 9833ms
149 timing reify:unpack Completed in 9835ms
150 timing reify:unretire Completed in 0ms
151 timing build:queue Completed in 3ms
152 timing build:deps Completed in 3ms
153 timing build Completed in 4ms
154 timing reify:build Completed in 5ms
155 timing reify:trash Completed in 6ms
156 timing reify:save Completed in 141ms
157 timing reify Completed in 11310ms
158 silly ADD
159 silly ADD
160 silly ADD node_modules/@next/swc-linux-x64-musl
161 silly ADD node_modules/@next/swc-linux-x64-gnu
162 silly ADD
163 silly ADD
164 silly ADD
165 silly ADD
166 silly ADD
167 silly ADD
168 silly ADD node_modules/@img/sharp-linuxmusl-x64
169 silly ADD
170 silly ADD node_modules/@img/sharp-linux-x64
171 silly ADD
172 silly ADD
173 silly ADD
174 silly ADD node_modules/@img/sharp-libvips-linuxmusl-x64
175 silly ADD
176 silly ADD node_modules/@img/sharp-libvips-linux-x64
177 silly ADD
178 silly ADD
179 silly ADD
180 silly ADD
181 silly ADD
182 silly ADD
183 silly ADD
184 silly ADD
185 timing command:install Completed in 11336ms
186 verbose exit 0
187 timing npm Completed in 11405ms
188 info ok
